                        .symbol
                         fp 30
                         sp 29
                         retval 28
                         rads 27
                         lastx 1100
                         ecount 1101
                         cnt1 1102
                         cnt2 1103
                         flagstart 1104
                        .code 0
   0 L 5 30 3500         mov fp #3500
   1 L 5 29 3000         mov sp #3000
   2 L 7 27 34           jal rads main
   3 X 31 0 0 0 20       trap r0 #0
                        ; fun int0 pv 0
                        :int0
                        ; gnAsg :(#1 (call readport 11 ))
                        ; gnAsg :(ecount (+ ecount 1 ))
                        ; gnAsg :(lastx #1 )
   4 L 5 2 11           mov r2 #11
   5 X 31 2 18 0 20     trap r2 #18
   6 X 31 1 28 0 16     mov r1 r28
   7 L 1 3 1100         ld r3 lastx
   8 X 31 2 1 3 8       ne r2 r1 r3
   9 L 9 2 15           jf r2 L102
  10 D 17 2 1 5         eq r2 r1 #5
  11 L 9 2 15           jf r2 L103
  12 L 1 2 1101         ld r2 ecount
  13 D 10 3 2 1         add r3 r2 #1
  14 L 3 3 1101         st r3 ecount
                        :L103
                        :L102
  15 L 3 1 1100         st r1 lastx
                        :L101
  16 X 31 0 0 0 25      reti
                        ; fun int1 pv 0
                        :int1
                        ; gnAsg :(flagstart 1 )
                        ; gnAsg :(cnt1 ecount )
                        ; gnAsg :(flagstart 0 )
                        ; gnAsg :(cnt2 ecount )
  17 L 1 1 1104         ld r1 flagstart
  18 D 17 2 1 0         eq r2 r1 #0
  19 L 9 2 25           jf r2 L105
  20 L 5 1 1            mov r1 #1
  21 L 3 1 1104         st r1 flagstart
  22 L 1 1 1101         ld r1 ecount
  23 L 3 1 1102         st r1 cnt1
  24 L 6 0 33           jmp L106
                        :L105
  25 L 5 1 0            mov r1 #0
  26 L 3 1 1104         st r1 flagstart
  27 L 1 1 1101         ld r1 ecount
  28 L 3 1 1103         st r1 cnt2
  29 L 1 1 1103         ld r1 cnt2
  30 L 1 3 1102         ld r3 cnt1
  31 X 31 2 1 3 1       sub r2 r1 r3
  32 X 31 2 1 0 20      trap r2 #1
                        :L106
                        :L104
  33 X 31 0 0 0 25      reti
                        ; fun main pv 0
                        :main
                        ; gnAsg :(flagstart 0 )
                        ; gnAsg :(lastx (call readport 11 ))
                        ; gnAsg :(ecount 0 )
  34 D 4 1 30 1         st r1 @1 fp
  35 D 10 30 30 2       add fp fp #2
  36 D 4 27 30 0        st rads @0 fp
  37 L 5 1 4            mov r1 #int0
  38 L 3 1 1000         st r1 1000
  39 L 5 1 17           mov r1 #int1
  40 L 3 1 1001         st r1 1001
  41 L 5 1 200          mov r1 #200
  42 X 31 1 13 0 20     trap r1 #13
  43 L 5 1 4000         mov r1 #4000
  44 X 31 1 14 0 20     trap r1 #14
  45 L 5 1 1            mov r1 #1
  46 X 31 1 16 0 20     trap r1 #16
  47 L 5 1 0            mov r1 #0
  48 L 3 1 1104         st r1 flagstart
  49 L 5 1 11           mov r1 #11
  50 X 31 1 18 0 20     trap r1 #18
  51 L 3 28 1100        st r28 lastx
  52 L 5 1 0            mov r1 #0
  53 L 3 1 1101         st r1 ecount
  54 L 6 0 56           jmp L108
                        :L109
  55 X 31 0 0 0 29      swi
                        :L108
  56 L 5 1 1            mov r1 #1
  57 L 8 1 55           jt r1 L109
                        :L107
  58 D 2 27 30 0        ld rads @0 fp
  59 D 11 30 30 2       sub fp fp #2
  60 D 2 1 30 1         ld r1 @1 fp
  61 X 31 27 0 0 19     ret rads
                        .data 200
                        .end
