                        .symbol
                         fp 30
                         sp 29
                         retval 28
                         rads 27
                         ax 1100
                        .code 0
   0 L 5 30 3500         mov fp #3500
   1 L 5 29 3000         mov sp #3000
   2 L 7 27 4            jal rads main
   3 X 31 0 0 0 20       trap r0 #0
                        ; fun main pv 0
                        :main
                        ; gnAsg :(#1 (vec ax 0 ))
                        ; gnAsg :(#2 1 )
                        ; gnAsg :(#1 (vec ax #2 ))
   4 L 5 4 0            mov r4 #0
   5 D 2 3 4 1100       ld r3 @ax r4
   6 X 31 1 3 0 16      mov r1 r3
   7 L 5 2 1            mov r2 #1
   8 L 6 0 15           jmp L102
                        :L103
   9 D 2 3 2 1100       ld r3 @ax r2
  10 X 31 4 3 1 11      gt r4 r3 r1
  11 L 9 4 14           jf r4 L104
  12 D 2 3 2 1100       ld r3 @ax r2
  13 X 31 1 3 0 16      mov r1 r3
                        :L104
  14 D 10 2 2 1         add r2 r2 #1
                        :L102
  15 D 19 3 2 20        lt r3 r2 #20
  16 L 8 3 9            jt r3 L103
  17 X 31 1 1 0 20      trap r1 #1
                        :L101
  18 X 31 27 0 0 19     ret rads
                        .data 200
                        .end
