                        .symbol
                          cnt 100
                        
                        .code 0
                        :main
   0 L 5 1 9              mov r1 #isr
   1 L 3 1 1000           st r1 1000   ; set up int vector
   2 L 5 1 0              mov r1 #0
   3 L 3 1 100            st r1 cnt    ; cnt = 0
                        :loop
                        ;  this is almost empty loop
   4 X 31 0 0 0 29        swi          ; wait for int
   5 L 1 1 100            ld r1 cnt
   6 D 17 2 1 10          eq r2 r1 #10
   7 L 9 2 4              jf r2 loop
   8 X 31 0 0 0 20        trap r0 #0   ; stop
                        
                        :isr
                        ;  must not use r1
   9 L 1 3 100            ld r3 cnt
  10 D 10 3 3 1           add r3 r3 #1
  11 L 3 3 100            st r3 cnt
  12 X 31 0 0 0 25        reti
                        
                        .end 
