                        .symbol
                         fp 30
                         sp 29
                         retval 28
                         rads 27
                         gv 1100
                        .code 0
   0 L 5 30 3500         mov fp #3500
   1 L 5 29 3000         mov sp #3000
   2 L 7 27 16           jal rads main
   3 X 31 0 0 0 20       trap r0 #0
                        ; fun fn1 pv 1
                        :fn1
                        ; gnAsg :(#2 33 )
   4 D 4 1 30 1         st r1 @1 fp
   5 D 4 2 30 2         st r2 @2 fp
   6 D 10 30 30 3       add fp fp #3
   7 D 4 27 30 0        st rads @0 fp
   8 X 31 29 1 0 22     pop sp r1
   9 X 31 1 1 0 20      trap r1 #1
  10 L 5 2 33           mov r2 #33
                        :L101
  11 D 2 27 30 0        ld rads @0 fp
  12 D 11 30 30 3       sub fp fp #3
  13 D 2 2 30 2         ld r2 @2 fp
  14 D 2 1 30 1         ld r1 @1 fp
  15 X 31 27 0 0 19     ret rads
                        ; fun main pv 0
                        :main
                        ; gnAsg :(#1 1 )
                        ; gnAsg :(gv 2 )
                        ; gnAsg :(#2 (+ #1 #1 ))
                        ; gnAsg :(#2 gv )
                        ; gnAsg :(#1 10 )
  16 D 4 1 30 1         st r1 @1 fp
  17 D 4 2 30 2         st r2 @2 fp
  18 D 4 3 30 3         st r3 @3 fp
  19 D 10 30 30 4       add fp fp #4
  20 D 4 27 30 0        st rads @0 fp
  21 L 5 1 1            mov r1 #1
  22 L 5 3 2            mov r3 #2
  23 L 3 3 1100         st r3 gv
  24 X 31 3 1 1 0       add r3 r1 r1
  25 X 31 2 3 0 16      mov r2 r3
  26 L 1 2 1100         ld r2 gv
  27 X 31 3 1 2 7       eq r3 r1 r2
  28 L 9 3 30           jf r3 L103
  29 L 5 1 10           mov r1 #10
                        :L103
  30 L 5 3 2            mov r3 #2
  31 X 31 29 3 0 21     push sp r3
  32 L 7 27 4           jal rads fn1
                        :L102
  33 D 2 27 30 0        ld rads @0 fp
  34 D 11 30 30 4       sub fp fp #4
  35 D 2 3 30 3         ld r3 @3 fp
  36 D 2 2 30 2         ld r2 @2 fp
  37 D 2 1 30 1         ld r1 @1 fp
  38 X 31 27 0 0 19     ret rads
                        .data 200
                        .end
