                        .symbol
                         fp 30
                         sp 29
                         retval 28
                         rads 27
                         cnt 1100
                        .code 0
   0 L 5 30 3500         mov fp #3500
   1 L 5 29 3000         mov sp #3000
   2 L 7 27 21           jal rads main
   3 X 31 0 0 0 20       trap r0 #0
                        ; fun int0 pv 0
                        :int0
                        ; gnAsg :(cnt (+ cnt 1 ))
   4 L 1 1 1100         ld r1 cnt
   5 D 10 2 1 1         add r2 r1 #1
   6 L 3 2 1100         st r2 cnt
                        :L101
   7 X 31 0 0 0 25      reti
                        ; fun sq pv 1
                        :sq
   8 D 4 1 30 1         st r1 @1 fp
   9 D 4 2 30 2         st r2 @2 fp
  10 D 10 30 30 3       add fp fp #3
  11 D 4 27 30 0        st rads @0 fp
  12 X 31 29 1 0 22     pop sp r1
  13 D 10 2 1 1         add r2 r1 #1
  14 X 31 28 2 0 16     mov retval r2
  15 L 6 0 16           jmp L102
                        :L102
  16 D 2 27 30 0        ld rads @0 fp
  17 D 11 30 30 3       sub fp fp #3
  18 D 2 2 30 2         ld r2 @2 fp
  19 D 2 1 30 1         ld r1 @1 fp
  20 X 31 27 0 0 19     ret rads
                        ; fun main pv 0
                        :main
  21 D 4 1 30 1         st r1 @1 fp
  22 D 10 30 30 2       add fp fp #2
  23 D 4 27 30 0        st rads @0 fp
  24 L 5 1 4            mov r1 #int0
  25 L 3 1 1000         st r1 1000
  26 X 31 10 11 12 0    add r10 r11 r12
  27 L 5 1 2            mov r1 #2
  28 X 31 29 1 0 21     push sp r1
  29 L 7 27 8           jal rads sq
  30 X 31 28 1 0 20     trap r28 #1
                        :L103
  31 D 2 27 30 0        ld rads @0 fp
  32 D 11 30 30 2       sub fp fp #2
  33 D 2 1 30 1         ld r1 @1 fp
  34 X 31 27 0 0 19     ret rads
                        .data 200
                        .end
