                        .symbol
                         fp 30
                         sp 29
                         retval 28
                         rads 27
                         cnt 1100
                        .code 0
   0 L 5 30 3500         mov fp #3500
   1 L 5 29 3000         mov sp #3000
   2 L 7 27 24           jal rads main
   3 X 31 0 0 0 20       trap r0 #0
                        ; fun int0 pv 0
                        :int0
                        ; gnAsg :(cnt (+ cnt 1 ))
                        ; gnAsg :(#1 (call readport 13 ))
   4 D 4 1 30 1         st r1 @1 fp
   5 D 4 2 30 2         st r2 @2 fp
   6 D 4 3 30 3         st r3 @3 fp
   7 D 10 30 30 4       add fp fp #4
   8 D 4 27 30 0        st rads @0 fp
   9 L 1 2 1100         ld r2 cnt
  10 D 10 3 2 1         add r3 r2 #1
  11 L 3 3 1100         st r3 cnt
  12 L 1 2 1100         ld r2 cnt
  13 X 31 2 1 0 20      trap r2 #1
  14 L 5 2 13           mov r2 #13
  15 X 31 2 18 0 20     trap r2 #18
  16 X 31 1 28 0 16     mov r1 r28
  17 X 31 1 1 0 20      trap r1 #1
                        :L101
  18 D 2 27 30 0        ld rads @0 fp
  19 D 11 30 30 4       sub fp fp #4
  20 D 2 3 30 3         ld r3 @3 fp
  21 D 2 2 30 2         ld r2 @2 fp
  22 D 2 1 30 1         ld r1 @1 fp
  23 X 31 0 0 0 25      reti
                        ; fun main pv 0
                        :main
  24 D 4 1 30 1         st r1 @1 fp
  25 D 10 30 30 2       add fp fp #2
  26 D 4 27 30 0        st rads @0 fp
  27 L 5 1 4            mov r1 #int0
  28 L 3 1 1000         st r1 1000
  29 L 5 1 200          mov r1 #200
  30 X 31 1 13 0 20     trap r1 #13
                        ; hello
  31 L 6 0 33           jmp L103
                        :L104
  32 X 31 0 0 0 29      swi
                        :L103
  33 L 5 1 1            mov r1 #1
  34 L 8 1 32           jt r1 L104
                        :L102
  35 D 2 27 30 0        ld rads @0 fp
  36 D 11 30 30 2       sub fp fp #2
  37 D 2 1 30 1         ld r1 @1 fp
  38 X 31 27 0 0 19     ret rads
                        .data 200
                        .end
