                        .symbol
                         fp 30
                         sp 29
                         retval 28
                         rads 27
                         xaxis 1100
                        .code 0
   0 L 5 30 3500         mov fp #3500
   1 L 5 29 3000         mov sp #3000
   2 L 7 27 51           jal rads main
   3 X 31 0 0 0 20       trap r0 #0
                        ; fun int0 pv 0
                        :int0
                        ; gnAsg :(#1 (call readport 13 ))
   4 D 4 1 30 1         st r1 @1 fp
   5 D 4 2 30 2         st r2 @2 fp
   6 D 10 30 30 3       add fp fp #3
   7 D 4 27 30 0        st rads @0 fp
   8 L 5 2 13           mov r2 #13
   9 X 31 2 18 0 20     trap r2 #18
  10 X 31 1 28 0 16     mov r1 r28
  11 X 31 29 1 0 21     push sp r1
  12 L 5 2 0            mov r2 #0
  13 X 31 29 2 0 21     push sp r2
  14 L 5 2 14           mov r2 #14
  15 X 31 2 19 0 20     trap r2 #19
                        :L108
  16 D 2 27 30 0        ld rads @0 fp
  17 D 11 30 30 3       sub fp fp #3
  18 D 2 2 30 2         ld r2 @2 fp
  19 D 2 1 30 1         ld r1 @1 fp
  20 X 31 0 0 0 25      reti
                        ; fun int1 pv 0
                        :int1
                        ; gnAsg :(#1 (/ (call readport 10 )2 ))
                        ; gnAsg :(xaxis (+ xaxis 2 ))
                        ; gnAsg :(xaxis 10 )
  21 D 4 1 30 1         st r1 @1 fp
  22 D 4 2 30 2         st r2 @2 fp
  23 D 4 3 30 3         st r3 @3 fp
  24 D 10 30 30 4       add fp fp #4
  25 D 4 27 30 0        st rads @0 fp
  26 L 5 2 10           mov r2 #10
  27 X 31 2 18 0 20     trap r2 #18
  28 D 13 2 28 2        div r2 r28 #2
  29 X 31 1 2 0 16      mov r1 r2
  30 L 1 2 1100         ld r2 xaxis
  31 X 31 29 2 0 21     push sp r2
  32 L 5 2 100          mov r2 #100
  33 X 31 3 2 1 1       sub r3 r2 r1
  34 X 31 29 3 0 21     push sp r3
  35 L 5 2 15           mov r2 #15
  36 X 31 2 19 0 20     trap r2 #19
  37 L 1 2 1100         ld r2 xaxis
  38 D 10 3 2 2         add r3 r2 #2
  39 L 3 3 1100         st r3 xaxis
  40 L 1 2 1100         ld r2 xaxis
  41 D 21 3 2 300       gt r3 r2 #300
  42 L 9 3 45           jf r3 L110
  43 L 5 2 10           mov r2 #10
  44 L 3 2 1100         st r2 xaxis
                        :L110
                        :L109
  45 D 2 27 30 0        ld rads @0 fp
  46 D 11 30 30 4       sub fp fp #4
  47 D 2 3 30 3         ld r3 @3 fp
  48 D 2 2 30 2         ld r2 @2 fp
  49 D 2 1 30 1         ld r1 @1 fp
  50 X 31 0 0 0 25      reti
                        ; fun main pv 0
                        :main
                        ; gnAsg :(xaxis 10 )
  51 D 4 1 30 1         st r1 @1 fp
  52 D 10 30 30 2       add fp fp #2
  53 D 4 27 30 0        st rads @0 fp
  54 L 5 1 4            mov r1 #int0
  55 L 3 1 1000         st r1 1000
  56 L 5 1 21           mov r1 #int1
  57 L 3 1 1001         st r1 1001
