                        
                        .symbol
                          cnt 100
                          sp 27 
                          stop 0
                        
                        .code 0
                        :main
   0 L 5 1 10              mov r1 #isr1
   1 L 3 1 1000            st r1 1000    ; set int vec
   2 L 5 27 2000           mov sp #2000  ; stack
   3 L 5 1 0               mov r1 #0
   4 L 3 1 100             st r1 cnt     ; cnt = 0
                        :loop
                        ;   this is almost empty loop
   5 X 31 0 0 0 29         swi     
   6 L 1 1 100             ld r1 cnt
   7 D 17 2 1 10           eq r2 r1 #10
   8 L 9 2 5               jf r2 loop
   9 X 31 0 0 0 20         trap r0 #stop
                         
                        ;  the counting routine is split into two
                        :isr1
  10 L 1 3 100             ld r3 cnt
  11 D 10 3 3 1            add r3 r3 #1
  12 X 31 27 0 0 26        pushm sp
  13 L 5 3 16              mov r3 #isr2
  14 L 3 3 1000            st r3 1000     ; change interrupt vector
  15 X 31 0 0 0 25         reti
                        :isr2
  16 X 31 27 0 0 27        popm sp
  17 L 3 3 100             st r3 cnt
  18 L 5 3 10              mov r3 #isr1
  19 L 3 3 1000            st r3 1000     ; change int vec
  20 X 31 0 0 0 25         reti
                        .end
