                        .symbol
                         fp 30
                         sp 29
                         retval 28
                         rads 27
                         N 1100
                         a 1101
                        .code 0
   0 L 5 30 3500         mov fp #3500
   1 L 5 29 3000         mov sp #3000
   2 L 7 27 146          jal rads main
   3 X 31 0 0 0 20       trap r0 #0
                        ; fun inita pv 0
                        :inita
                        ; gnAsg :(#1 0 )
                        ; gnAsg :((vec a #1 )#1 )
   4 D 4 1 30 1         st r1 @1 fp
   5 D 4 2 30 2         st r2 @2 fp
   6 D 4 3 30 3         st r3 @3 fp
   7 D 10 30 30 4       add fp fp #4
   8 D 4 27 30 0        st rads @0 fp
   9 L 5 1 0            mov r1 #0
  10 L 6 0 13           jmp L102
                        :L103
  11 D 4 1 1 1101       st r1 @a r1
  12 D 10 1 1 1         add r1 r1 #1
                        :L102
  13 L 1 3 1100         ld r3 N
  14 X 31 2 1 3 9       lt r2 r1 r3
  15 L 8 2 11           jt r2 L103
                        :L101
  16 D 2 27 30 0        ld rads @0 fp
  17 D 11 30 30 4       sub fp fp #4
  18 D 2 3 30 3         ld r3 @3 fp
  19 D 2 2 30 2         ld r2 @2 fp
  20 D 2 1 30 1         ld r1 @1 fp
  21 X 31 27 0 0 19     ret rads
                        ; fun show pv 0
                        :show
                        ; gnAsg :(#1 0 )
  22 D 4 1 30 1         st r1 @1 fp
  23 D 4 2 30 2         st r2 @2 fp
  24 D 4 3 30 3         st r3 @3 fp
  25 D 10 30 30 4       add fp fp #4
  26 D 4 27 30 0        st rads @0 fp
  27 L 5 1 0            mov r1 #0
  28 L 6 0 34           jmp L105
                        :L106
  29 D 2 2 1 1101       ld r2 @a r1
  30 X 31 2 1 0 20      trap r2 #1
  31 L 5 2 32           mov r2 #32
  32 X 31 2 2 0 20      trap r2 #2
  33 D 10 1 1 1         add r1 r1 #1
                        :L105
  34 L 1 3 1100         ld r3 N
  35 X 31 2 1 3 9       lt r2 r1 r3
  36 L 8 2 29           jt r2 L106
  37 L 5 2 10           mov r2 #10
  38 X 31 2 2 0 20      trap r2 #2
                        :L104
  39 D 2 27 30 0        ld rads @0 fp
  40 D 11 30 30 4       sub fp fp #4
  41 D 2 3 30 3         ld r3 @3 fp
  42 D 2 2 30 2         ld r2 @2 fp
  43 D 2 1 30 1         ld r1 @1 fp
  44 X 31 27 0 0 19     ret rads
                        ; fun swapx pv 2
                        :swapx
                        ; gnAsg :(#3 (vec a #1 ))
                        ; gnAsg :((vec a #1 )(vec a #2 ))
                        ; gnAsg :((vec a #2 )#3 )
  45 D 4 1 30 1         st r1 @1 fp
  46 D 4 2 30 2         st r2 @2 fp
  47 D 4 3 30 3         st r3 @3 fp
  48 D 4 4 30 4         st r4 @4 fp
  49 D 10 30 30 5       add fp fp #5
  50 D 4 27 30 0        st rads @0 fp
  51 X 31 29 2 0 22     pop sp r2
  52 X 31 29 1 0 22     pop sp r1
  53 D 2 4 1 1101       ld r4 @a r1
  54 X 31 3 4 0 16      mov r3 r4
  55 D 2 4 2 1101       ld r4 @a r2
  56 D 4 4 1 1101       st r4 @a r1
  57 D 4 3 2 1101       st r3 @a r2
                        :L107
  58 D 2 27 30 0        ld rads @0 fp
  59 D 11 30 30 5       sub fp fp #5
  60 D 2 4 30 4         ld r4 @4 fp
  61 D 2 3 30 3         ld r3 @3 fp
  62 D 2 2 30 2         ld r2 @2 fp
  63 D 2 1 30 1         ld r1 @1 fp
  64 X 31 27 0 0 19     ret rads
                        ; fun partition pv 2
                        :partition
                        ; gnAsg :(#3 (vec a #1 ))
                        ; gnAsg :(#4 (- #1 1 ))
                        ; gnAsg :(#5 (+ #2 1 ))
                        ; gnAsg :(#6 1 )
                        ; gnAsg :(#6 0 )
  65 D 4 1 30 1         st r1 @1 fp
  66 D 4 2 30 2         st r2 @2 fp
  67 D 4 3 30 3         st r3 @3 fp
  68 D 4 4 30 4         st r4 @4 fp
  69 D 4 5 30 5         st r5 @5 fp
  70 D 4 6 30 6         st r6 @6 fp
  71 D 4 7 30 7         st r7 @7 fp
  72 D 4 8 30 8         st r8 @8 fp
  73 D 10 30 30 9       add fp fp #9
  74 D 4 27 30 0        st rads @0 fp
  75 X 31 29 2 0 22     pop sp r2
  76 X 31 29 1 0 22     pop sp r1
  77 D 2 7 1 1101       ld r7 @a r1
  78 X 31 3 7 0 16      mov r3 r7
  79 D 11 7 1 1         sub r7 r1 #1
  80 X 31 4 7 0 16      mov r4 r7
  81 D 10 7 2 1         add r7 r2 #1
  82 X 31 5 7 0 16      mov r5 r7
  83 L 5 6 1            mov r6 #1
  84 L 6 0 104          jmp L109
                        :L110
  85 D 10 5 5 -1        add r5 r5 #-1
  86 L 6 0 88           jmp L111
                        :L112
  87 D 10 5 5 -1        add r5 r5 #-1
                        :L111
  88 D 2 7 5 1101       ld r7 @a r5
  89 X 31 8 7 3 11      gt r8 r7 r3
  90 L 8 8 87           jt r8 L112
  91 D 10 4 4 1         add r4 r4 #1
  92 L 6 0 94           jmp L113
                        :L114
  93 D 10 4 4 1         add r4 r4 #1
                        :L113
  94 D 2 7 4 1101       ld r7 @a r4
  95 X 31 8 7 3 9       lt r8 r7 r3
  96 L 8 8 93           jt r8 L114
  97 X 31 7 4 5 9       lt r7 r4 r5
  98 L 9 7 103          jf r7 L115
  99 X 31 29 4 0 21     push sp r4
 100 X 31 29 5 0 21     push sp r5
 101 L 7 27 45          jal rads swapx
 102 L 6 0 104          jmp L116
                        :L115
 103 L 5 6 0            mov r6 #0
                        :L116
                        :L109
 104 L 8 6 85           jt r6 L110
 105 X 31 28 5 0 16     mov retval r5
 106 L 6 0 107          jmp L108
                        :L108
 107 D 2 27 30 0        ld rads @0 fp
 108 D 11 30 30 9       sub fp fp #9
 109 D 2 8 30 8         ld r8 @8 fp
 110 D 2 7 30 7         ld r7 @7 fp
 111 D 2 6 30 6         ld r6 @6 fp
 112 D 2 5 30 5         ld r5 @5 fp
 113 D 2 4 30 4         ld r4 @4 fp
 114 D 2 3 30 3         ld r3 @3 fp
 115 D 2 2 30 2         ld r2 @2 fp
 116 D 2 1 30 1         ld r1 @1 fp
 117 X 31 27 0 0 19     ret rads
                        ; fun quicksort pv 2
                        :quicksort
                        ; gnAsg :(#3 (call partition #1 #2 ))
 118 D 4 1 30 1         st r1 @1 fp
 119 D 4 2 30 2         st r2 @2 fp
 120 D 4 3 30 3         st r3 @3 fp
 121 D 4 4 30 4         st r4 @4 fp
 122 D 10 30 30 5       add fp fp #5
 123 D 4 27 30 0        st rads @0 fp
 124 X 31 29 2 0 22     pop sp r2
 125 X 31 29 1 0 22     pop sp r1
 126 X 31 4 1 2 9       lt r4 r1 r2
 127 L 9 4 139          jf r4 L118
 128 X 31 29 1 0 21     push sp r1
 129 X 31 29 2 0 21     push sp r2
 130 L 7 27 65          jal rads partition
 131 X 31 3 28 0 16     mov r3 r28
 132 X 31 29 1 0 21     push sp r1
 133 X 31 29 3 0 21     push sp r3
 134 L 7 27 118         jal rads quicksort
 135 D 10 4 3 1         add r4 r3 #1
 136 X 31 29 4 0 21     push sp r4
 137 X 31 29 2 0 21     push sp r2
 138 L 7 27 118         jal rads quicksort
                        :L118
                        :L117
 139 D 2 27 30 0        ld rads @0 fp
 140 D 11 30 30 5       sub fp fp #5
 141 D 2 4 30 4         ld r4 @4 fp
 142 D 2 3 30 3         ld r3 @3 fp
 143 D 2 2 30 2         ld r2 @2 fp
 144 D 2 1 30 1         ld r1 @1 fp
 145 X 31 27 0 0 19     ret rads
                        ; fun main pv 0
                        :main
                        ; gnAsg :(N 10 )
 146 D 4 1 30 1         st r1 @1 fp
 147 D 4 2 30 2         st r2 @2 fp
 148 D 10 30 30 3       add fp fp #3
 149 D 4 27 30 0        st rads @0 fp
 150 L 5 1 10           mov r1 #10
 151 L 3 1 1100         st r1 N
 152 L 7 27 4           jal rads inita
 153 L 5 1 0            mov r1 #0
 154 X 31 29 1 0 21     push sp r1
 155 L 5 1 5            mov r1 #5
 156 X 31 29 1 0 21     push sp r1
 157 L 7 27 45          jal rads swapx
 158 L 5 1 2            mov r1 #2
 159 X 31 29 1 0 21     push sp r1
 160 L 5 1 8            mov r1 #8
 161 X 31 29 1 0 21     push sp r1
 162 L 7 27 45          jal rads swapx
 163 L 7 27 22          jal rads show
 164 L 5 1 0            mov r1 #0
 165 X 31 29 1 0 21     push sp r1
 166 L 1 1 1100         ld r1 N
 167 D 11 2 1 1         sub r2 r1 #1
 168 X 31 29 2 0 21     push sp r2
 169 L 7 27 118         jal rads quicksort
 170 L 7 27 22          jal rads show
                        :L119
 171 D 2 27 30 0        ld rads @0 fp
 172 D 11 30 30 3       sub fp fp #3
 173 D 2 2 30 2         ld r2 @2 fp
 174 D 2 1 30 1         ld r1 @1 fp
 175 X 31 27 0 0 19     ret rads
                        .data 200
                        .end
