                        .symbol
                         fp 30
                         sp 29
                         retval 28
                         rads 27
                         N 1100
                         val 1101
                         id 1105
                        .code 0
   0 L 5 30 3500         mov fp #3500
   1 L 5 29 3000         mov sp #3000
   2 L 7 27 72           jal rads main
   3 X 31 0 0 0 20       trap r0 #0
                        ; fun writeperm pv 0
                        :writeperm
                        ; gnAsg :(#1 0 )
   4 D 4 1 30 1         st r1 @1 fp
   5 D 4 2 30 2         st r2 @2 fp
   6 D 4 3 30 3         st r3 @3 fp
   7 D 10 30 30 4       add fp fp #4
   8 D 4 27 30 0        st rads @0 fp
   9 L 5 1 0            mov r1 #0
  10 L 6 0 16           jmp L102
                        :L103
  11 D 2 2 1 1101       ld r2 @val r1
  12 X 31 2 1 0 20      trap r2 #1
  13 L 5 2 32           mov r2 #32
  14 X 31 2 2 0 20      trap r2 #2
  15 D 10 1 1 1         add r1 r1 #1
                        :L102
  16 L 1 3 1100         ld r3 N
  17 X 31 2 1 3 9       lt r2 r1 r3
  18 L 8 2 11           jt r2 L103
  19 L 5 2 10           mov r2 #10
  20 X 31 2 2 0 20      trap r2 #2
                        :L101
  21 D 2 27 30 0        ld rads @0 fp
  22 D 11 30 30 4       sub fp fp #4
  23 D 2 3 30 3         ld r3 @3 fp
  24 D 2 2 30 2         ld r2 @2 fp
  25 D 2 1 30 1         ld r1 @1 fp
  26 X 31 27 0 0 19     ret rads
                        ; fun visit pv 1
                        :visit
                        ; gnAsg :(id (+ id 1 ))
                        ; gnAsg :((vec val #1 )id )
                        ; gnAsg :(#2 0 )
                        ; gnAsg :(id (- id 1 ))
                        ; gnAsg :((vec val #1 )0 )
  27 D 4 1 30 1         st r1 @1 fp
  28 D 4 2 30 2         st r2 @2 fp
  29 D 4 3 30 3         st r3 @3 fp
  30 D 4 4 30 4         st r4 @4 fp
  31 D 4 5 30 5         st r5 @5 fp
  32 D 4 6 30 6         st r6 @6 fp
  33 D 10 30 30 7       add fp fp #7
  34 D 4 27 30 0        st rads @0 fp
  35 X 31 29 1 0 22     pop sp r1
  36 L 1 3 1105         ld r3 id
  37 D 10 4 3 1         add r4 r3 #1
  38 L 3 4 1105         st r4 id
  39 L 1 3 1105         ld r3 id
  40 D 4 3 1 1101       st r3 @val r1
  41 L 1 3 1105         ld r3 id
  42 L 1 5 1100         ld r5 N
  43 D 11 6 5 1         sub r6 r5 #1
  44 X 31 4 3 6 7       eq r4 r3 r6
  45 L 9 4 47           jf r4 L105
  46 L 7 27 4           jal rads writeperm
                        :L105
  47 L 5 2 0            mov r2 #0
  48 L 6 0 55           jmp L106
                        :L107
  49 D 2 3 2 1101       ld r3 @val r2
  50 D 17 4 3 0         eq r4 r3 #0
  51 L 9 4 54           jf r4 L108
  52 X 31 29 2 0 21     push sp r2
  53 L 7 27 27          jal rads visit
                        :L108
  54 D 10 2 2 1         add r2 r2 #1
                        :L106
  55 L 1 4 1100         ld r4 N
  56 X 31 3 2 4 9       lt r3 r2 r4
  57 L 8 3 49           jt r3 L107
  58 L 1 3 1105         ld r3 id
  59 D 11 4 3 1         sub r4 r3 #1
  60 L 3 4 1105         st r4 id
  61 L 5 3 0            mov r3 #0
  62 D 4 3 1 1101       st r3 @val r1
                        :L104
  63 D 2 27 30 0        ld rads @0 fp
  64 D 11 30 30 7       sub fp fp #7
  65 D 2 6 30 6         ld r6 @6 fp
  66 D 2 5 30 5         ld r5 @5 fp
  67 D 2 4 30 4         ld r4 @4 fp
  68 D 2 3 30 3         ld r3 @3 fp
  69 D 2 2 30 2         ld r2 @2 fp
  70 D 2 1 30 1         ld r1 @1 fp
  71 X 31 27 0 0 19     ret rads
                        ; fun main pv 0
                        :main
                        ; gnAsg :(N 4 )
                        ; gnAsg :(#1 0 )
                        ; gnAsg :((vec val #1 )0 )
                        ; gnAsg :(id (- 0 1 ))
  72 D 4 1 30 1         st r1 @1 fp
  73 D 4 2 30 2         st r2 @2 fp
  74 D 4 3 30 3         st r3 @3 fp
  75 D 10 30 30 4       add fp fp #4
  76 D 4 27 30 0        st rads @0 fp
  77 L 5 2 4            mov r2 #4
  78 L 3 2 1100         st r2 N
  79 L 5 1 0            mov r1 #0
  80 L 6 0 84           jmp L110
                        :L111
  81 L 5 2 0            mov r2 #0
  82 D 4 2 1 1101       st r2 @val r1
  83 D 10 1 1 1         add r1 r1 #1
                        :L110
  84 L 1 3 1100         ld r3 N
  85 X 31 2 1 3 9       lt r2 r1 r3
  86 L 8 2 81           jt r2 L111
  87 L 5 2 0            mov r2 #0
  88 D 11 3 2 1         sub r3 r2 #1
  89 L 3 3 1105         st r3 id
  90 L 5 2 0            mov r2 #0
  91 X 31 29 2 0 21     push sp r2
  92 L 7 27 27          jal rads visit
                        :L109
  93 D 2 27 30 0        ld rads @0 fp
  94 D 11 30 30 4       sub fp fp #4
  95 D 2 3 30 3         ld r3 @3 fp
  96 D 2 2 30 2         ld r2 @2 fp
  97 D 2 1 30 1         ld r1 @1 fp
  98 X 31 27 0 0 19     ret rads
                        .data 200
                        .end
