                        .symbol
                         fp 30
                         sp 29
                         retval 28
                         rads 27
                         ax 1100
                         gg 1110
                        .code 0
   0 L 5 30 3500         mov fp #3500
   1 L 5 29 3000         mov sp #3000
   2 L 7 27 34           jal rads main
   3 X 31 0 0 0 20       trap r0 #0
                        ; fun inc pv 1
                        :inc
                        ; gnAsg :((vec #1 0 )(+ (vec #1 0 )1 ))
   4 D 4 1 30 1         st r1 @1 fp
   5 D 4 2 30 2         st r2 @2 fp
   6 D 4 3 30 3         st r3 @3 fp
   7 D 10 30 30 4       add fp fp #4
   8 D 4 27 30 0        st rads @0 fp
   9 X 31 29 1 0 22     pop sp r1
  10 L 5 3 0            mov r3 #0
  11 X 31 2 1 3 17      ld r2 +r1 r3
  12 D 10 3 2 1         add r3 r2 #1
  13 L 5 2 0            mov r2 #0
  14 X 31 3 1 2 18      st r3 +r1 r2
                        :L101
  15 D 2 27 30 0        ld rads @0 fp
  16 D 11 30 30 4       sub fp fp #4
  17 D 2 3 30 3         ld r3 @3 fp
  18 D 2 2 30 2         ld r2 @2 fp
  19 D 2 1 30 1         ld r1 @1 fp
  20 X 31 27 0 0 19     ret rads
                        ; fun sq pv 1
                        :sq
  21 D 4 1 30 1         st r1 @1 fp
  22 D 4 2 30 2         st r2 @2 fp
  23 D 10 30 30 3       add fp fp #3
  24 D 4 27 30 0        st rads @0 fp
  25 X 31 29 1 0 22     pop sp r1
  26 X 31 2 1 1 2       mul r2 r1 r1
  27 X 31 28 2 0 16     mov retval r2
  28 L 6 0 29           jmp L102
                        :L102
  29 D 2 27 30 0        ld rads @0 fp
  30 D 11 30 30 3       sub fp fp #3
  31 D 2 2 30 2         ld r2 @2 fp
  32 D 2 1 30 1         ld r1 @1 fp
  33 X 31 27 0 0 19     ret rads
                        ; fun main pv 0
                        :main
                        ; gnAsg :(gg 11 )
                        ; gnAsg :(#1 (call sq 2 ))
  34 D 4 1 30 1         st r1 @1 fp
  35 D 4 2 30 2         st r2 @2 fp
  36 D 10 30 30 3       add fp fp #3
  37 D 4 27 30 0        st rads @0 fp
  38 L 5 2 11           mov r2 #11
  39 L 3 2 1110         st r2 gg
  40 L 5 2 1110         mov r2 #gg
  41 X 31 2 1 0 20      trap r2 #1
  42 L 5 2 1100         mov r2 #ax
  43 X 31 2 1 0 20      trap r2 #1
  44 L 5 2 2            mov r2 #2
  45 X 31 29 2 0 21     push sp r2
  46 L 7 27 21          jal rads sq
  47 X 31 1 28 0 16     mov r1 r28
  48 X 31 1 1 0 20      trap r1 #1
  49 L 5 2 21           mov r2 #sq
  50 X 31 2 1 0 20      trap r2 #1
  51 L 1 2 1110         ld r2 gg
  52 X 31 2 1 0 20      trap r2 #1
  53 L 5 2 1110         mov r2 #gg
  54 X 31 29 2 0 21     push sp r2
  55 L 7 27 4           jal rads inc
  56 L 1 2 1110         ld r2 gg
  57 X 31 2 1 0 20      trap r2 #1
                        :L103
  58 D 2 27 30 0        ld rads @0 fp
  59 D 11 30 30 3       sub fp fp #3
  60 D 2 2 30 2         ld r2 @2 fp
  61 D 2 1 30 1         ld r1 @1 fp
  62 X 31 27 0 0 19     ret rads
                        .data 200
                        .end
