                        .symbol
                         fp 30
                         sp 29
                         retval 28
                         rads 27
                         gc 1100
                         tc 1101
                         timer 1102
                        .code 0
   0 L 5 30 3500         mov fp #3500
   1 L 5 29 3000         mov sp #3000
   2 L 7 27 25           jal rads main
   3 X 31 0 0 0 20       trap r0 #0
                        ; fun int0 pv 0
                        :int0
                        ; gnAsg :(gc (+ gc 1 ))
                        ; gnAsg :(tc (+ tc 1 ))
   4 L 1 1 1100         ld r1 gc
   5 D 10 2 1 1         add r2 r1 #1
   6 L 3 2 1100         st r2 gc
   7 L 1 1 1102         ld r1 timer
   8 L 9 1 12           jf r1 L102
   9 L 1 1 1101         ld r1 tc
  10 D 10 2 1 1         add r2 r1 #1
  11 L 3 2 1101         st r2 tc
                        :L102
  12 L 1 1 1100         ld r1 gc
  13 X 31 1 1 0 20      trap r1 #1
  14 L 1 1 1101         ld r1 tc
  15 X 31 1 1 0 20      trap r1 #1
                        :L101
  16 X 31 0 0 0 25      reti
                        ; fun int1 pv 0
                        :int1
                        ; gnAsg :(timer 0 )
                        ; gnAsg :(timer 1 )
  17 L 1 1 1102         ld r1 timer
  18 L 9 1 22           jf r1 L104
  19 L 5 1 0            mov r1 #0
  20 L 3 1 1102         st r1 timer
  21 L 6 0 24           jmp L105
                        :L104
  22 L 5 1 1            mov r1 #1
  23 L 3 1 1102         st r1 timer
                        :L105
                        :L103
  24 X 31 0 0 0 25      reti
                        ; fun main pv 0
                        :main
                        ; gnAsg :(gc 0 )
                        ; gnAsg :(tc 0 )
                        ; gnAsg :(timer 0 )
  25 D 4 1 30 1         st r1 @1 fp
  26 D 10 30 30 2       add fp fp #2
  27 D 4 27 30 0        st rads @0 fp
  28 L 5 1 4            mov r1 #int0
  29 L 3 1 1000         st r1 1000
  30 L 5 1 17           mov r1 #int1
  31 L 3 1 1001         st r1 1001
  32 L 5 1 100          mov r1 #100
  33 X 31 1 13 0 20     trap r1 #13
  34 L 5 1 400          mov r1 #400
  35 X 31 1 14 0 20     trap r1 #14
  36 L 5 1 0            mov r1 #0
  37 L 3 1 1100         st r1 gc
  38 L 5 1 0            mov r1 #0
  39 L 3 1 1101         st r1 tc
  40 L 5 1 0            mov r1 #0
  41 L 3 1 1102         st r1 timer
  42 L 5 1 1            mov r1 #1
  43 X 31 1 16 0 20     trap r1 #16
  44 L 6 0 46           jmp L107
                        :L108
  45 X 31 0 0 0 29      swi
                        :L107
  46 L 5 1 1            mov r1 #1
  47 L 8 1 45           jt r1 L108
                        :L106
  48 D 2 27 30 0        ld rads @0 fp
  49 D 11 30 30 2       sub fp fp #2
  50 D 2 1 30 1         ld r1 @1 fp
  51 X 31 27 0 0 19     ret rads
                        .data 200
                        .end
