                        .symbol
                         fp 30
                         sp 29
                         retval 28
                         rads 27
                        .code 0
   0 L 5 30 3500         mov fp #3500
   1 L 5 29 3000         mov sp #3000
   2 L 7 27 10           jal rads main
   3 X 31 0 0 0 20       trap r0 #0
                        ; fun int0 pv 0
                        :int0
   4 D 10 1 1 1         add r1 r1 #1
                        :L101
   5 X 31 0 0 0 25      reti
                        ; fun new pv 1
                        :new
   6 X 31 29 1 0 22     pop sp r1
   7 X 31 0 16 0 20     trap r0 #16
   8 X 31 1 14 0 20     trap r1 #14
                        :L102
   9 X 31 27 0 0 19     ret rads
                        ; fun main pv 0
                        :main
                        ; gnAsg :(#1 (call new 10 ))
                        ; gnAsg :(#2 0 )
                        ; gnAsg :((vec #1 #2 )#2 )
  10 D 4 1 30 1         st r1 @1 fp
  11 D 4 2 30 2         st r2 @2 fp
  12 D 4 3 30 3         st r3 @3 fp
  13 D 10 30 30 4       add fp fp #4
  14 D 4 27 30 0        st rads @0 fp
  15 L 5 1 4            mov r1 #int0
  16 L 3 1 1000         st r1 1000
  17 L 5 3 10           mov r3 #10
  18 X 31 29 3 0 21     push sp r3
  19 L 7 27 6           jal rads new
  20 X 31 1 28 0 16     mov r1 r28
  21 L 5 2 0            mov r2 #0
  22 L 6 0 25           jmp L104
                        :L105
  23 X 31 2 1 2 18      st r2 +r1 r2
  24 D 10 2 2 1         add r2 r2 #1
                        :L104
  25 D 19 3 2 9         lt r3 r2 #9
  26 L 8 3 23           jt r3 L105
                        :L103
  27 D 2 27 30 0        ld rads @0 fp
  28 D 11 30 30 4       sub fp fp #4
  29 D 2 3 30 3         ld r3 @3 fp
  30 D 2 2 30 2         ld r2 @2 fp
  31 D 2 1 30 1         ld r1 @1 fp
  32 X 31 27 0 0 19     ret rads
                        .data 200
                        .end