                        .symbol
                         fp 30
                         sp 29
                         retval 28
                         rads 27
                         cnt 1100
                        .code 0
   0 L 5 30 3500         mov fp #3500
   1 L 5 29 3000         mov sp #3000
   2 L 7 27 10           jal rads main
   3 X 31 0 0 0 20       trap r0 #0
                        ; fun int0 pv 0
                        :int0
                        ; gnAsg :(cnt (+ cnt 1 ))
   4 L 1 1 1100         ld r1 cnt
   5 D 10 2 1 1         add r2 r1 #1
   6 L 3 2 1100         st r2 cnt
   7 L 1 1 1100         ld r1 cnt
   8 X 31 1 1 0 20      trap r1 #1
                        :L101
   9 X 31 0 0 0 25      reti
                        ; fun main pv 0
                        :main
                        ; gnAsg :(cnt 0 )
  10 D 4 1 30 1         st r1 @1 fp
  11 D 10 30 30 2       add fp fp #2
  12 D 4 27 30 0        st rads @0 fp
  13 L 5 1 4            mov r1 #int0
  14 L 3 1 1000         st r1 1000
  15 L 5 1 400          mov r1 #400
  16 X 31 1 13 0 20     trap r1 #13
  17 L 5 1 0            mov r1 #0
  18 L 3 1 1100         st r1 cnt
  19 L 6 0 21           jmp L103
                        :L104
  20 X 31 0 0 0 29      swi
                        :L103
  21 L 5 1 1            mov r1 #1
  22 L 8 1 20           jt r1 L104
                        :L102
  23 D 2 27 30 0        ld rads @0 fp
  24 D 11 30 30 2       sub fp fp #2
  25 D 2 1 30 1         ld r1 @1 fp
  26 X 31 27 0 0 19     ret rads
                        .data 200
                        .end
