                        .symbol
                         fp 30
                         sp 29
                         retval 28
                         rads 27
                        .code 0
   0 L 5 30 3500         mov fp #3500
   1 L 5 29 3000         mov sp #3000
   2 L 7 27 40           jal rads main
   3 X 31 0 0 0 20       trap r0 #0
                        ; fun atoi pv 1
                        :atoi
                        ; gnAsg :(#2 0 )
                        ; gnAsg :(#3 0 )
                        ; gnAsg :(#4 (vec #1 #3 ))
                        ; gnAsg :(#2 (+ (* #2 10 )(- #4 48 )))
                        ; gnAsg :(#4 (vec #1 #3 ))
   4 D 4 1 30 1         st r1 @1 fp
   5 D 4 2 30 2         st r2 @2 fp
   6 D 4 3 30 3         st r3 @3 fp
   7 D 4 4 30 4         st r4 @4 fp
   8 D 4 5 30 5         st r5 @5 fp
   9 D 4 6 30 6         st r6 @6 fp
  10 D 4 7 30 7         st r7 @7 fp
  11 D 10 30 30 8       add fp fp #8
  12 D 4 27 30 0        st rads @0 fp
  13 X 31 29 1 0 22     pop sp r1
  14 L 5 2 0            mov r2 #0
  15 L 5 3 0            mov r3 #0
  16 X 31 5 1 3 17      ld r5 +r1 r3
  17 X 31 4 5 0 16      mov r4 r5
  18 L 6 0 26           jmp L102
                        :L103
  19 D 12 5 2 10        mul r5 r2 #10
  20 D 11 7 4 48        sub r7 r4 #48
  21 X 31 6 5 7 0       add r6 r5 r7
  22 X 31 2 6 0 16      mov r2 r6
  23 D 10 3 3 1         add r3 r3 #1
  24 X 31 5 1 3 17      ld r5 +r1 r3
  25 X 31 4 5 0 16      mov r4 r5
                        :L102
  26 D 18 5 4 0         ne r5 r4 #0
  27 L 8 5 19           jt r5 L103
  28 X 31 28 2 0 16     mov retval r2
  29 L 6 0 30           jmp L101
                        :L101
  30 D 2 27 30 0        ld rads @0 fp
  31 D 11 30 30 8       sub fp fp #8
  32 D 2 7 30 7         ld r7 @7 fp
  33 D 2 6 30 6         ld r6 @6 fp
  34 D 2 5 30 5         ld r5 @5 fp
  35 D 2 4 30 4         ld r4 @4 fp
  36 D 2 3 30 3         ld r3 @3 fp
  37 D 2 2 30 2         ld r2 @2 fp
  38 D 2 1 30 1         ld r1 @1 fp
  39 X 31 27 0 0 19     ret rads
                        ; fun main pv 0
                        :main
                        ; gnAsg :(#1 (call input ))
                        ; gnAsg :(#2 0 )
                        ; gnAsg :(#3 (vec #1 #2 ))
                        ; gnAsg :(#3 (vec #1 #2 ))
                        ; gnAsg :(#4 (call atoi #1 ))
  40 D 4 1 30 1         st r1 @1 fp
  41 D 4 2 30 2         st r2 @2 fp
  42 D 4 3 30 3         st r3 @3 fp
  43 D 4 4 30 4         st r4 @4 fp
  44 D 4 5 30 5         st r5 @5 fp
  45 D 10 30 30 6       add fp fp #6
  46 D 4 27 30 0        st rads @0 fp
  47 L 5 5 0            mov r5 #0
  48 X 31 5 15 0 20     trap r5 #15
  49 X 31 0 4 0 20      trap r0 #4
  50 X 31 1 28 0 16     mov r1 r28
  51 L 5 2 0            mov r2 #0
  52 X 31 5 1 2 17      ld r5 +r1 r2
  53 X 31 3 5 0 16      mov r3 r5
  54 L 6 0 61           jmp L105
                        :L106
  55 X 31 3 2 0 20      trap r3 #2
  56 L 5 5 32           mov r5 #32
  57 X 31 5 2 0 20      trap r5 #2
  58 D 10 2 2 1         add r2 r2 #1
  59 X 31 5 1 2 17      ld r5 +r1 r2
  60 X 31 3 5 0 16      mov r3 r5
                        :L105
  61 D 18 5 3 0         ne r5 r3 #0
  62 L 8 5 55           jt r5 L106
  63 X 31 29 1 0 21     push sp r1
  64 L 7 27 4           jal rads atoi
  65 X 31 4 28 0 16     mov r4 r28
  66 X 31 4 1 0 20      trap r4 #1
                        :L104
  67 D 2 27 30 0        ld rads @0 fp
  68 D 11 30 30 6       sub fp fp #6
  69 D 2 5 30 5         ld r5 @5 fp
  70 D 2 4 30 4         ld r4 @4 fp
  71 D 2 3 30 3         ld r3 @3 fp
  72 D 2 2 30 2         ld r2 @2 fp
  73 D 2 1 30 1         ld r1 @1 fp
  74 X 31 27 0 0 19     ret rads
                        .data 200
                        .end
