                        .symbol
                         fp 30
                         sp 29
                         retval 28
                         rads 27
                        .code 0
   0 L 5 30 3500         mov fp #3500
   1 L 5 29 3000         mov sp #3000
   2 L 7 27 14           jal rads main
   3 X 31 0 0 0 20       trap r0 #0
                        ; fun int0 pv 0
                        :int0
   4 D 4 1 30 1         st r1 @1 fp
   5 D 10 30 30 2       add fp fp #2
   6 D 4 27 30 0        st rads @0 fp
   7 L 5 1 10           mov r1 #10
   8 X 31 1 18 0 20     trap r1 #18
   9 X 31 28 1 0 20     trap r28 #1
                        :L101
  10 D 2 27 30 0        ld rads @0 fp
  11 D 11 30 30 2       sub fp fp #2
  12 D 2 1 30 1         ld r1 @1 fp
  13 X 31 0 0 0 25      reti
                        ; fun main pv 0
                        :main
  14 D 4 1 30 1         st r1 @1 fp
  15 D 10 30 30 2       add fp fp #2
  16 D 4 27 30 0        st rads @0 fp
  17 L 5 1 4            mov r1 #int0
  18 L 3 1 1000         st r1 1000
  19 L 5 1 100          mov r1 #100
  20 X 31 1 13 0 20     trap r1 #13
  21 L 6 0 23           jmp L103
                        :L104
  22 X 31 0 0 0 29      swi
                        :L103
  23 L 5 1 1            mov r1 #1
  24 L 8 1 22           jt r1 L104
                        :L102
  25 D 2 27 30 0        ld rads @0 fp
  26 D 11 30 30 2       sub fp fp #2
  27 D 2 1 30 1         ld r1 @1 fp
  28 X 31 27 0 0 19     ret rads
                        .data 200
                        .end
