                        .symbol
                         fp 30
                         sp 29
                         retval 28
                         rads 27
                        .code 0
   0 L 5 30 3500         mov fp #3500
   1 L 5 29 3000         mov sp #3000
   2 L 7 27 11           jal rads main
   3 X 31 0 0 0 20       trap r0 #0
                        ; fun interrupt pv 0
                        :interrupt
   4 D 10 30 30 1       add fp fp #1
   5 D 4 27 30 0        st rads @0 fp
   6 X 31 1 2 0 20      trap r1 #2
   7 D 10 1 1 1         add r1 r1 #1
                        :L102
   8 D 2 27 30 0        ld rads @0 fp
   9 D 11 30 30 1       sub fp fp #1
  10 X 31 27 0 0 19     ret rads
                        ; fun main pv 0
                        :main
                        ; gnAsg :(#1 32 )
                        ; gnAsg :(#1 #1 )
  11 D 4 1 30 1         st r1 @1 fp
  12 D 4 2 30 2         st r2 @2 fp
  13 D 10 30 30 3       add fp fp #3
  14 D 4 27 30 0        st rads @0 fp
  15 L 5 1 4            mov r1 #interrupt
  16 L 3 1 1000         st r1 1000
  17 L 5 1 1            mov r1 #1
  18 X 31 1 12 0 20     trap r1 #12 ; enable int
  19 L 5 1 10           mov r1 #10
  20 X 31 1 10 0 20     trap r1 #10 ; set timer1 = 100
  21 L 5 1 100          mov r1 #100
  22 X 31 1 11 0 20     trap r1 #11  ; set div = 100
  23 L 5 1 32           mov r1 #32
  24 L 6 0 26           jmp L104
                        :L105
  25 X 31 1 1 0 16      mov r1 r1
                        :L104
  26 D 19 2 1 50        lt r2 r1 #50
  27 L 8 2 25           jt r2 L105
                        :L103
  28 D 2 27 30 0        ld rads @0 fp
  29 D 11 30 30 3       sub fp fp #3
  30 D 2 2 30 2         ld r2 @2 fp
  31 D 2 1 30 1         ld r1 @1 fp
  32 X 31 27 0 0 19     ret rads
                        .data 200
                        .end
